
> blogger-seo-temp@0.1.0 build
> prisma generate && next build

Environment variables loaded from .env
Prisma schema loaded from prisma\schema.prisma

✔ Generated Prisma Client (v6.4.1) to .\node_modules\@prisma\client in 178ms

Start by importing your Prisma Client (See: https://pris.ly/d/importing-client)

Tip: Interested in query caching in just a few lines of code? Try Accelerate today! https://pris.ly/tip-3-accelerate

⚠ Warning: Next.js inferred your workspace root, but it may not be correct.
 We detected multiple lockfiles and selected the directory of C:\Users\ahmad\package-lock.json as the root directory.
 To silence this warning, set `turbopack.root` in your Next.js config, or consider removing one of the lockfiles if it's not needed.
   See https://nextjs.org/docs/app/api-reference/config/next-config-js/turbopack#root-directory for more information.
 Detected additional lockfiles: 
   * C:\Users\ahmad\Desktop\BloggerSEO\package-lock.json

▲ Next.js 16.1.6 (Turbopack)
- Environments: .env

⚠ The "middleware" file convention is deprecated. Please use "proxy" instead. Learn more: https://nextjs.org/docs/messages/middleware-to-proxy
  Creating an optimized production build ...
✓ Compiled successfully in 11.9s
  Running TypeScript ...
Failed to compile.

./prisma/seed.ts:235:7
Type error: Type '{ name: string; }' is not assignable to type 'TemplateWhereUniqueInput'.
  Type '{ name: string; }' is not assignable to type '{ id: string; } & { id?: string | undefined; AND?: TemplateWhereInput | TemplateWhereInput[] | undefined; OR?: TemplateWhereInput[] | undefined; ... 7 more ...; updatedAt?: string | ... 2 more ... | undefined; }'.
    Property 'id' is missing in type '{ name: string; }' but required in type '{ id: string; }'.

[0m [90m 233 |[39m   [36mfor[39m ([36mconst[39m template [36mof[39m templates) {
 [90m 234 |[39m     [36mawait[39m prisma[33m.[39mtemplate[33m.[39mupsert({
[31m[1m>[22m[39m[90m 235 |[39m       where[33m:[39m { name[33m:[39m template[33m.[39mname }[33m,[39m
 [90m     |[39m       [31m[1m^[22m[39m
 [90m 236 |[39m       update[33m:[39m {}[33m,[39m
 [90m 237 |[39m       create[33m:[39m template[33m,[39m
 [90m 238 |[39m     })[33m;[39m[0m
Next.js build worker exited with code: 1 and signal: null
